<?xml version="1.0" encoding="UTF-8"?>
<!-- Generated by org.testng.reporters.JUnitXMLReporter -->
<testsuite ignored="0" hostname="DESKTOP-Q69DOOS" failures="0" tests="9" name="Surefire test" time="54.245" errors="0" timestamp="2026-02-10T11:29:27 IST">
  <testcase classname="com.jayant.tests.CartTest" name="addItem" time="0.602"/>
  <testcase classname="com.jayant.tests.CartTest" name="addMultipleItems" time="0.144"/>
  <testcase classname="com.jayant.tests.CartTest" name="removeItemAndVerifyPrice" time="0.302"/>
  <testcase classname="com.jayant.tests.CheckOutTest" name="InvalidCheckOutFlow" time="1.97"/>
  <testcase classname="com.jayant.tests.CheckOutTest" name="validCheckOutFlow" time="2.937"/>
  <testcase classname="com.jayant.tests.LoginTest" name="loginTest" time="1.329"/>
  <testcase classname="com.jayant.tests.LoginTest" name="loginTest" time="1.328"/>
  <testcase classname="com.jayant.tests.LoginTest" name="loginTest" time="1.172"/>
  <testcase classname="com.jayant.tests.ProductTest" name="pageVerification" time="0.066"/>
</testsuite> <!-- Surefire test -->
