<?xml version="1.0" encoding="UTF-8"?>
<!-- Generated by org.testng.reporters.JUnitXMLReporter -->
<testsuite ignored="0" hostname="DESKTOP-Q69DOOS" failures="0" tests="3" name="Cart Tests" time="19.059" errors="0" timestamp="2026-02-10T01:35:23 IST">
  <testcase classname="com.jayant.tests.CartTest" name="addItem" time="0.601"/>
  <testcase classname="com.jayant.tests.CartTest" name="addMultipleItems" time="0.133"/>
  <testcase classname="com.jayant.tests.CartTest" name="removeItemAndVerifyPrice" time="0.274"/>
</testsuite> <!-- Cart Tests -->
