<?xml version="1.0" encoding="UTF-8"?>
<!-- Generated by org.testng.reporters.JUnitXMLReporter -->
<testsuite ignored="0" hostname="DESKTOP-Q69DOOS" failures="0" tests="3" name="Login Tests" time="22.527" errors="0" timestamp="2026-02-10T01:34:59 IST">
  <testcase classname="com.jayant.tests.LoginTest" name="loginTest" time="1.375"/>
  <testcase classname="com.jayant.tests.LoginTest" name="loginTest" time="1.376"/>
  <testcase classname="com.jayant.tests.LoginTest" name="loginTest" time="1.162"/>
</testsuite> <!-- Login Tests -->
