<?xml version="1.0" encoding="UTF-8"?>
<!-- Generated by org.testng.reporters.JUnitXMLReporter -->
<testsuite ignored="1" hostname="DESKTOP-Q69DOOS" failures="0" tests="1" name="Default test" time="6.727" errors="0" timestamp="2026-02-10T01:20:22 IST">
  <testcase classname="com.jayant.tests.CheckOutTest" name="InvalidLoginFlow" time="2.041"/>
  <testcase classname="com.jayant.tests.CheckOutTest" name="validCheckOutFlow" time="0.0">
    <ignored/>
  </testcase> <!-- validCheckOutFlow -->
</testsuite> <!-- Default test -->
