<?xml version="1.0" encoding="UTF-8"?>
<testng-results ignored="0" total="9" passed="9" failed="0" skipped="0">
  <reporter-output>
  </reporter-output>
  <suite started-at="2026-02-10T11:28:32 IST" name="Surefire suite" finished-at="2026-02-10T11:29:26 IST" duration-ms="54245">
    <groups>
    </groups>
    <test started-at="2026-02-10T11:28:32 IST" name="Surefire test" finished-at="2026-02-10T11:29:26 IST" duration-ms="54245">
      <class name="com.jayant.tests.ProductTest">
        <test-method is-config="true" signature="setUp()[pri:0, instance:com.jayant.tests.ProductTest@71c8becc]" started-at="2026-02-10T11:29:20 IST" name="setUp" finished-at="2026-02-10T11:29:26 IST" duration-ms="5863" status="PASS">
          <reporter-output>
          </reporter-output>
        </test-method> <!-- setUp -->
        <test-method signature="pageVerification()[pri:0, instance:com.jayant.tests.ProductTest@71c8becc]" started-at="2026-02-10T11:29:26 IST" name="pageVerification" finished-at="2026-02-10T11:29:26 IST" duration-ms="66" status="PASS">
          <reporter-output>
          </reporter-output>
        </test-method> <!-- pageVerification -->
        <test-method is-config="true" signature="tearDown()[pri:0, instance:com.jayant.tests.ProductTest@71c8becc]" started-at="2026-02-10T11:29:26 IST" name="tearDown" finished-at="2026-02-10T11:29:26 IST" duration-ms="85" status="PASS">
          <reporter-output>
          </reporter-output>
        </test-method> <!-- tearDown -->
      </class> <!-- com.jayant.tests.ProductTest -->
      <class name="com.jayant.tests.CartTest">
        <test-method is-config="true" signature="setUp()[pri:0, instance:com.jayant.tests.CartTest@2aece37d]" started-at="2026-02-10T11:28:32 IST" name="setUp" finished-at="2026-02-10T11:28:38 IST" duration-ms="5302" status="PASS">
          <reporter-output>
          </reporter-output>
        </test-method> <!-- setUp -->
        <test-method signature="addItem()[pri:0, instance:com.jayant.tests.CartTest@2aece37d]" started-at="2026-02-10T11:28:38 IST" name="addItem" finished-at="2026-02-10T11:28:38 IST" duration-ms="602" status="PASS">
          <reporter-output>
          </reporter-output>
        </test-method> <!-- addItem -->
        <test-method is-config="true" signature="tearDown()[pri:0, instance:com.jayant.tests.CartTest@2aece37d]" started-at="2026-02-10T11:28:38 IST" name="tearDown" finished-at="2026-02-10T11:28:38 IST" duration-ms="94" status="PASS">
          <reporter-output>
          </reporter-output>
        </test-method> <!-- tearDown -->
        <test-method is-config="true" signature="setUp()[pri:0, instance:com.jayant.tests.CartTest@2aece37d]" started-at="2026-02-10T11:28:38 IST" name="setUp" finished-at="2026-02-10T11:28:43 IST" duration-ms="4319" status="PASS">
          <reporter-output>
          </reporter-output>
        </test-method> <!-- setUp -->
        <test-method signature="addMultipleItems()[pri:0, instance:com.jayant.tests.CartTest@2aece37d]" started-at="2026-02-10T11:28:43 IST" name="addMultipleItems" finished-at="2026-02-10T11:28:43 IST" duration-ms="144" status="PASS">
          <reporter-output>
          </reporter-output>
        </test-method> <!-- addMultipleItems -->
        <test-method is-config="true" signature="tearDown()[pri:0, instance:com.jayant.tests.CartTest@2aece37d]" started-at="2026-02-10T11:28:43 IST" name="tearDown" finished-at="2026-02-10T11:28:43 IST" duration-ms="85" status="PASS">
          <reporter-output>
          </reporter-output>
        </test-method> <!-- tearDown -->
        <test-method is-config="true" signature="setUp()[pri:0, instance:com.jayant.tests.CartTest@2aece37d]" started-at="2026-02-10T11:28:43 IST" name="setUp" finished-at="2026-02-10T11:28:47 IST" duration-ms="4503" status="PASS">
          <reporter-output>
          </reporter-output>
        </test-method> <!-- setUp -->
        <test-method signature="removeItemAndVerifyPrice()[pri:0, instance:com.jayant.tests.CartTest@2aece37d]" started-at="2026-02-10T11:28:47 IST" name="removeItemAndVerifyPrice" finished-at="2026-02-10T11:28:48 IST" duration-ms="302" status="PASS">
          <reporter-output>
          </reporter-output>
        </test-method> <!-- removeItemAndVerifyPrice -->
        <test-method is-config="true" signature="tearDown()[pri:0, instance:com.jayant.tests.CartTest@2aece37d]" started-at="2026-02-10T11:28:48 IST" name="tearDown" finished-at="2026-02-10T11:28:48 IST" duration-ms="105" status="PASS">
          <reporter-output>
          </reporter-output>
        </test-method> <!-- tearDown -->
      </class> <!-- com.jayant.tests.CartTest -->
      <class name="com.jayant.tests.CheckOutTest">
        <test-method is-config="true" signature="setUp()[pri:0, instance:com.jayant.tests.CheckOutTest@3745e5c6]" started-at="2026-02-10T11:28:48 IST" name="setUp" finished-at="2026-02-10T11:28:52 IST" duration-ms="4106" status="PASS">
          <reporter-output>
          </reporter-output>
        </test-method> <!-- setUp -->
        <test-method signature="InvalidCheckOutFlow()[pri:0, instance:com.jayant.tests.CheckOutTest@3745e5c6]" started-at="2026-02-10T11:28:52 IST" name="InvalidCheckOutFlow" finished-at="2026-02-10T11:28:54 IST" duration-ms="1970" status="PASS">
          <reporter-output>
          </reporter-output>
        </test-method> <!-- InvalidCheckOutFlow -->
        <test-method is-config="true" signature="tearDown()[pri:0, instance:com.jayant.tests.CheckOutTest@3745e5c6]" started-at="2026-02-10T11:28:54 IST" name="tearDown" finished-at="2026-02-10T11:28:54 IST" duration-ms="95" status="PASS">
          <reporter-output>
          </reporter-output>
        </test-method> <!-- tearDown -->
        <test-method is-config="true" signature="setUp()[pri:0, instance:com.jayant.tests.CheckOutTest@3745e5c6]" started-at="2026-02-10T11:28:54 IST" name="setUp" finished-at="2026-02-10T11:28:59 IST" duration-ms="5001" status="PASS">
          <reporter-output>
          </reporter-output>
        </test-method> <!-- setUp -->
        <test-method signature="validCheckOutFlow()[pri:0, instance:com.jayant.tests.CheckOutTest@3745e5c6]" started-at="2026-02-10T11:28:59 IST" name="validCheckOutFlow" finished-at="2026-02-10T11:29:02 IST" duration-ms="2937" status="PASS">
          <reporter-output>
          </reporter-output>
        </test-method> <!-- validCheckOutFlow -->
        <test-method is-config="true" signature="tearDown()[pri:0, instance:com.jayant.tests.CheckOutTest@3745e5c6]" started-at="2026-02-10T11:29:02 IST" name="tearDown" finished-at="2026-02-10T11:29:02 IST" duration-ms="320" status="PASS">
          <reporter-output>
          </reporter-output>
        </test-method> <!-- tearDown -->
      </class> <!-- com.jayant.tests.CheckOutTest -->
      <class name="com.jayant.tests.LoginTest">
        <test-method is-config="true" signature="setUp()[pri:0, instance:com.jayant.tests.LoginTest@5e4c8041]" started-at="2026-02-10T11:29:02 IST" name="setUp" finished-at="2026-02-10T11:29:06 IST" duration-ms="4210" status="PASS">
          <reporter-output>
          </reporter-output>
        </test-method> <!-- setUp -->
        <test-method signature="loginTest(java.lang.String,java.lang.String,java.lang.String)[pri:0, instance:com.jayant.tests.LoginTest@5e4c8041]" started-at="2026-02-10T11:29:06 IST" name="loginTest" data-provider="loginCredentials" finished-at="2026-02-10T11:29:08 IST" duration-ms="1329" status="PASS">
          <params>
            <param index="0">
              <value>
                <![CDATA[demouser]]>
              </value>
            </param>
            <param index="1">
              <value>
                <![CDATA[testingisfun99]]>
              </value>
            </param>
            <param index="2">
              <value>
                <![CDATA[Valid]]>
              </value>
            </param>
          </params>
          <reporter-output>
          </reporter-output>
        </test-method> <!-- loginTest -->
        <test-method is-config="true" signature="tearDown()[pri:0, instance:com.jayant.tests.LoginTest@5e4c8041]" started-at="2026-02-10T11:29:08 IST" name="tearDown" finished-at="2026-02-10T11:29:08 IST" duration-ms="88" status="PASS">
          <reporter-output>
          </reporter-output>
        </test-method> <!-- tearDown -->
        <test-method is-config="true" signature="setUp()[pri:0, instance:com.jayant.tests.LoginTest@5e4c8041]" started-at="2026-02-10T11:29:08 IST" name="setUp" finished-at="2026-02-10T11:29:12 IST" duration-ms="4098" status="PASS">
          <reporter-output>
          </reporter-output>
        </test-method> <!-- setUp -->
        <test-method signature="loginTest(java.lang.String,java.lang.String,java.lang.String)[pri:0, instance:com.jayant.tests.LoginTest@5e4c8041]" started-at="2026-02-10T11:29:12 IST" name="loginTest" data-provider="loginCredentials" finished-at="2026-02-10T11:29:13 IST" duration-ms="1328" status="PASS">
          <params>
            <param index="0">
              <value>
                <![CDATA[locked_user]]>
              </value>
            </param>
            <param index="1">
              <value>
                <![CDATA[testingisfun99]]>
              </value>
            </param>
            <param index="2">
              <value>
                <![CDATA[Invalid]]>
              </value>
            </param>
          </params>
          <reporter-output>
          </reporter-output>
        </test-method> <!-- loginTest -->
        <test-method is-config="true" signature="tearDown()[pri:0, instance:com.jayant.tests.LoginTest@5e4c8041]" started-at="2026-02-10T11:29:13 IST" name="tearDown" finished-at="2026-02-10T11:29:13 IST" duration-ms="77" status="PASS">
          <reporter-output>
          </reporter-output>
        </test-method> <!-- tearDown -->
        <test-method is-config="true" signature="setUp()[pri:0, instance:com.jayant.tests.LoginTest@5e4c8041]" started-at="2026-02-10T11:29:13 IST" name="setUp" finished-at="2026-02-10T11:29:19 IST" duration-ms="5909" status="PASS">
          <reporter-output>
          </reporter-output>
        </test-method> <!-- setUp -->
        <test-method signature="loginTest(java.lang.String,java.lang.String,java.lang.String)[pri:0, instance:com.jayant.tests.LoginTest@5e4c8041]" started-at="2026-02-10T11:29:19 IST" name="loginTest" data-provider="loginCredentials" finished-at="2026-02-10T11:29:20 IST" duration-ms="1172" status="PASS">
          <params>
            <param index="0">
              <value>
                <![CDATA[]]>
              </value>
            </param>
            <param index="1">
              <value>
                <![CDATA[]]>
              </value>
            </param>
            <param index="2">
              <value>
                <![CDATA[Blank]]>
              </value>
            </param>
          </params>
          <reporter-output>
          </reporter-output>
        </test-method> <!-- loginTest -->
        <test-method is-config="true" signature="tearDown()[pri:0, instance:com.jayant.tests.LoginTest@5e4c8041]" started-at="2026-02-10T11:29:20 IST" name="tearDown" finished-at="2026-02-10T11:29:20 IST" duration-ms="99" status="PASS">
          <reporter-output>
          </reporter-output>
        </test-method> <!-- tearDown -->
      </class> <!-- com.jayant.tests.LoginTest -->
    </test> <!-- Surefire test -->
  </suite> <!-- Surefire suite -->
</testng-results>
