<?xml version="1.0" encoding="UTF-8"?>
<testng-results ignored="0" total="9" passed="9" failed="0" skipped="0">
  <reporter-output>
  </reporter-output>
  <suite started-at="2026-02-10T01:34:36 IST" name="Bstack Automation Suite" finished-at="2026-02-10T01:35:40 IST" duration-ms="63619">
    <groups>
    </groups>
    <test started-at="2026-02-10T01:34:36 IST" name="Login Tests" finished-at="2026-02-10T01:34:59 IST" duration-ms="22527">
      <class name="com.jayant.tests.LoginTest">
        <test-method is-config="true" signature="setUp()[pri:0, instance:com.jayant.tests.LoginTest@408d971b]" started-at="2026-02-10T01:34:36 IST" name="setUp" finished-at="2026-02-10T01:34:43 IST" duration-ms="7147" status="PASS">
          <reporter-output>
          </reporter-output>
        </test-method> <!-- setUp -->
        <test-method signature="loginTest(java.lang.String,java.lang.String,java.lang.String)[pri:0, instance:com.jayant.tests.LoginTest@408d971b]" started-at="2026-02-10T01:34:43 IST" name="loginTest" data-provider="loginCredentials" finished-at="2026-02-10T01:34:45 IST" duration-ms="1375" status="PASS">
          <params>
            <param index="0">
              <value>
                <![CDATA[demouser]]>
              </value>
            </param>
            <param index="1">
              <value>
                <![CDATA[testingisfun99]]>
              </value>
            </param>
            <param index="2">
              <value>
                <![CDATA[Valid]]>
              </value>
            </param>
          </params>
          <reporter-output>
          </reporter-output>
        </test-method> <!-- loginTest -->
        <test-method is-config="true" signature="tearDown()[pri:0, instance:com.jayant.tests.LoginTest@408d971b]" started-at="2026-02-10T01:34:45 IST" name="tearDown" finished-at="2026-02-10T01:34:45 IST" duration-ms="104" status="PASS">
          <reporter-output>
          </reporter-output>
        </test-method> <!-- tearDown -->
        <test-method is-config="true" signature="setUp()[pri:0, instance:com.jayant.tests.LoginTest@408d971b]" started-at="2026-02-10T01:34:45 IST" name="setUp" finished-at="2026-02-10T01:34:49 IST" duration-ms="4142" status="PASS">
          <reporter-output>
          </reporter-output>
        </test-method> <!-- setUp -->
        <test-method signature="loginTest(java.lang.String,java.lang.String,java.lang.String)[pri:0, instance:com.jayant.tests.LoginTest@408d971b]" started-at="2026-02-10T01:34:49 IST" name="loginTest" data-provider="loginCredentials" finished-at="2026-02-10T01:34:50 IST" duration-ms="1376" status="PASS">
          <params>
            <param index="0">
              <value>
                <![CDATA[locked_user]]>
              </value>
            </param>
            <param index="1">
              <value>
                <![CDATA[testingisfun99]]>
              </value>
            </param>
            <param index="2">
              <value>
                <![CDATA[Invalid]]>
              </value>
            </param>
          </params>
          <reporter-output>
          </reporter-output>
        </test-method> <!-- loginTest -->
        <test-method is-config="true" signature="tearDown()[pri:0, instance:com.jayant.tests.LoginTest@408d971b]" started-at="2026-02-10T01:34:50 IST" name="tearDown" finished-at="2026-02-10T01:34:51 IST" duration-ms="102" status="PASS">
          <reporter-output>
          </reporter-output>
        </test-method> <!-- tearDown -->
        <test-method is-config="true" signature="setUp()[pri:0, instance:com.jayant.tests.LoginTest@408d971b]" started-at="2026-02-10T01:34:51 IST" name="setUp" finished-at="2026-02-10T01:34:58 IST" duration-ms="6975" status="PASS">
          <reporter-output>
          </reporter-output>
        </test-method> <!-- setUp -->
        <test-method signature="loginTest(java.lang.String,java.lang.String,java.lang.String)[pri:0, instance:com.jayant.tests.LoginTest@408d971b]" started-at="2026-02-10T01:34:58 IST" name="loginTest" data-provider="loginCredentials" finished-at="2026-02-10T01:34:59 IST" duration-ms="1162" status="PASS">
          <params>
            <param index="0">
              <value>
                <![CDATA[]]>
              </value>
            </param>
            <param index="1">
              <value>
                <![CDATA[]]>
              </value>
            </param>
            <param index="2">
              <value>
                <![CDATA[Blank]]>
              </value>
            </param>
          </params>
          <reporter-output>
          </reporter-output>
        </test-method> <!-- loginTest -->
        <test-method is-config="true" signature="tearDown()[pri:0, instance:com.jayant.tests.LoginTest@408d971b]" started-at="2026-02-10T01:34:59 IST" name="tearDown" finished-at="2026-02-10T01:34:59 IST" duration-ms="111" status="PASS">
          <reporter-output>
          </reporter-output>
        </test-method> <!-- tearDown -->
      </class> <!-- com.jayant.tests.LoginTest -->
    </test> <!-- Login Tests -->
    <test started-at="2026-02-10T01:34:59 IST" name="Product Tests" finished-at="2026-02-10T01:35:04 IST" duration-ms="4345">
      <class name="com.jayant.tests.ProductTest">
        <test-method is-config="true" signature="setUp()[pri:0, instance:com.jayant.tests.ProductTest@2df3b89c]" started-at="2026-02-10T01:34:59 IST" name="setUp" finished-at="2026-02-10T01:35:03 IST" duration-ms="4188" status="PASS">
          <reporter-output>
          </reporter-output>
        </test-method> <!-- setUp -->
        <test-method signature="pageVerification()[pri:0, instance:com.jayant.tests.ProductTest@2df3b89c]" started-at="2026-02-10T01:35:03 IST" name="pageVerification" finished-at="2026-02-10T01:35:03 IST" duration-ms="69" status="PASS">
          <reporter-output>
          </reporter-output>
        </test-method> <!-- pageVerification -->
        <test-method is-config="true" signature="tearDown()[pri:0, instance:com.jayant.tests.ProductTest@2df3b89c]" started-at="2026-02-10T01:35:03 IST" name="tearDown" finished-at="2026-02-10T01:35:04 IST" duration-ms="87" status="PASS">
          <reporter-output>
          </reporter-output>
        </test-method> <!-- tearDown -->
      </class> <!-- com.jayant.tests.ProductTest -->
    </test> <!-- Product Tests -->
    <test started-at="2026-02-10T01:35:04 IST" name="Cart Tests" finished-at="2026-02-10T01:35:23 IST" duration-ms="19059">
      <class name="com.jayant.tests.CartTest">
        <test-method is-config="true" signature="setUp()[pri:0, instance:com.jayant.tests.CartTest@6200f9cb]" started-at="2026-02-10T01:35:04 IST" name="setUp" finished-at="2026-02-10T01:35:10 IST" duration-ms="6738" status="PASS">
          <reporter-output>
          </reporter-output>
        </test-method> <!-- setUp -->
        <test-method signature="addItem()[pri:0, instance:com.jayant.tests.CartTest@6200f9cb]" started-at="2026-02-10T01:35:10 IST" name="addItem" finished-at="2026-02-10T01:35:11 IST" duration-ms="601" status="PASS">
          <reporter-output>
          </reporter-output>
        </test-method> <!-- addItem -->
        <test-method is-config="true" signature="tearDown()[pri:0, instance:com.jayant.tests.CartTest@6200f9cb]" started-at="2026-02-10T01:35:11 IST" name="tearDown" finished-at="2026-02-10T01:35:11 IST" duration-ms="93" status="PASS">
          <reporter-output>
          </reporter-output>
        </test-method> <!-- tearDown -->
        <test-method is-config="true" signature="setUp()[pri:0, instance:com.jayant.tests.CartTest@6200f9cb]" started-at="2026-02-10T01:35:11 IST" name="setUp" finished-at="2026-02-10T01:35:15 IST" duration-ms="3999" status="PASS">
          <reporter-output>
          </reporter-output>
        </test-method> <!-- setUp -->
        <test-method signature="addMultipleItems()[pri:0, instance:com.jayant.tests.CartTest@6200f9cb]" started-at="2026-02-10T01:35:15 IST" name="addMultipleItems" finished-at="2026-02-10T01:35:15 IST" duration-ms="133" status="PASS">
          <reporter-output>
          </reporter-output>
        </test-method> <!-- addMultipleItems -->
        <test-method is-config="true" signature="tearDown()[pri:0, instance:com.jayant.tests.CartTest@6200f9cb]" started-at="2026-02-10T01:35:15 IST" name="tearDown" finished-at="2026-02-10T01:35:15 IST" duration-ms="84" status="PASS">
          <reporter-output>
          </reporter-output>
        </test-method> <!-- tearDown -->
        <test-method is-config="true" signature="setUp()[pri:0, instance:com.jayant.tests.CartTest@6200f9cb]" started-at="2026-02-10T01:35:15 IST" name="setUp" finished-at="2026-02-10T01:35:22 IST" duration-ms="7039" status="PASS">
          <reporter-output>
          </reporter-output>
        </test-method> <!-- setUp -->
        <test-method signature="removeItemAndVerifyPrice()[pri:0, instance:com.jayant.tests.CartTest@6200f9cb]" started-at="2026-02-10T01:35:22 IST" name="removeItemAndVerifyPrice" finished-at="2026-02-10T01:35:22 IST" duration-ms="274" status="PASS">
          <reporter-output>
          </reporter-output>
        </test-method> <!-- removeItemAndVerifyPrice -->
        <test-method is-config="true" signature="tearDown()[pri:0, instance:com.jayant.tests.CartTest@6200f9cb]" started-at="2026-02-10T01:35:22 IST" name="tearDown" finished-at="2026-02-10T01:35:23 IST" duration-ms="90" status="PASS">
          <reporter-output>
          </reporter-output>
        </test-method> <!-- tearDown -->
      </class> <!-- com.jayant.tests.CartTest -->
    </test> <!-- Cart Tests -->
    <test started-at="2026-02-10T01:35:23 IST" name="Checkout Tests" finished-at="2026-02-10T01:35:40 IST" duration-ms="17210">
      <class name="com.jayant.tests.CheckOutTest">
        <test-method is-config="true" signature="setUp()[pri:0, instance:com.jayant.tests.CheckOutTest@79d8407f]" started-at="2026-02-10T01:35:23 IST" name="setUp" finished-at="2026-02-10T01:35:27 IST" duration-ms="4041" status="PASS">
          <reporter-output>
          </reporter-output>
        </test-method> <!-- setUp -->
        <test-method signature="InvalidCheckOutFlow()[pri:0, instance:com.jayant.tests.CheckOutTest@79d8407f]" started-at="2026-02-10T01:35:27 IST" name="InvalidCheckOutFlow" finished-at="2026-02-10T01:35:29 IST" duration-ms="1989" status="PASS">
          <reporter-output>
          </reporter-output>
        </test-method> <!-- InvalidCheckOutFlow -->
        <test-method is-config="true" signature="tearDown()[pri:0, instance:com.jayant.tests.CheckOutTest@79d8407f]" started-at="2026-02-10T01:35:29 IST" name="tearDown" finished-at="2026-02-10T01:35:29 IST" duration-ms="98" status="PASS">
          <reporter-output>
          </reporter-output>
        </test-method> <!-- tearDown -->
        <test-method is-config="true" signature="setUp()[pri:0, instance:com.jayant.tests.CheckOutTest@79d8407f]" started-at="2026-02-10T01:35:29 IST" name="setUp" finished-at="2026-02-10T01:35:36 IST" duration-ms="6955" status="PASS">
          <reporter-output>
          </reporter-output>
        </test-method> <!-- setUp -->
        <test-method signature="validCheckOutFlow()[pri:0, instance:com.jayant.tests.CheckOutTest@79d8407f]" started-at="2026-02-10T01:35:36 IST" name="validCheckOutFlow" finished-at="2026-02-10T01:35:40 IST" duration-ms="4005" status="PASS">
          <reporter-output>
          </reporter-output>
        </test-method> <!-- validCheckOutFlow -->
        <test-method is-config="true" signature="tearDown()[pri:0, instance:com.jayant.tests.CheckOutTest@79d8407f]" started-at="2026-02-10T01:35:40 IST" name="tearDown" finished-at="2026-02-10T01:35:40 IST" duration-ms="118" status="PASS">
          <reporter-output>
          </reporter-output>
        </test-method> <!-- tearDown -->
      </class> <!-- com.jayant.tests.CheckOutTest -->
    </test> <!-- Checkout Tests -->
  </suite> <!-- Bstack Automation Suite -->
</testng-results>
