<?xml version="1.0" encoding="UTF-8"?>
<!-- Generated by org.testng.reporters.JUnitReportReporter -->
<testsuite hostname="DESKTOP-Q69DOOS" failures="0" tests="3" name="com.jayant.tests.CartTest" time="19.051" errors="0" timestamp="2026-02-10T01:35:40 IST" skipped="0">
  <testcase classname="com.jayant.tests.CartTest" name="addMultipleItems" time="7.265"/>
  <testcase classname="com.jayant.tests.CartTest" name="addItem" time="4.684"/>
  <testcase classname="com.jayant.tests.CartTest" name="removeItemAndVerifyPrice" time="7.102"/>
</testsuite> <!-- com.jayant.tests.CartTest -->
