<?xml version="1.0" encoding="UTF-8"?>
<!-- Generated by org.testng.reporters.JUnitReportReporter -->
<testsuite hostname="DESKTOP-Q69DOOS" failures="0" tests="3" name="com.jayant.tests.LoginTest" time="22.494" errors="0" timestamp="2026-02-10T01:35:40 IST" skipped="0">
  <testcase classname="com.jayant.tests.LoginTest" name="loginTest" time="8.461"/>
  <testcase classname="com.jayant.tests.LoginTest" name="loginTest" time="8.411"/>
  <testcase classname="com.jayant.tests.LoginTest" name="loginTest" time="5.622"/>
</testsuite> <!-- com.jayant.tests.LoginTest -->
