<?xml version="1.0" encoding="UTF-8"?>
<!-- Generated by org.testng.reporters.JUnitReportReporter -->
<testsuite hostname="DESKTOP-Q69DOOS" failures="0" tests="3" name="com.jayant.tests.CartTest" time="15.456" errors="0" timestamp="2026-02-10T11:29:27 IST" skipped="0">
  <testcase classname="com.jayant.tests.CartTest" name="addItem" time="5.210"/>
  <testcase classname="com.jayant.tests.CartTest" name="removeItemAndVerifyPrice" time="5.698"/>
  <testcase classname="com.jayant.tests.CartTest" name="addMultipleItems" time="4.548"/>
</testsuite> <!-- com.jayant.tests.CartTest -->
