<?xml version="1.0" encoding="UTF-8"?>
<!-- Generated by org.testng.reporters.JUnitReportReporter -->
<testsuite hostname="DESKTOP-Q69DOOS" failures="0" tests="2" name="com.jayant.tests.CheckOutTest" time="14.429" errors="0" timestamp="2026-02-10T11:29:27 IST" skipped="0">
  <testcase classname="com.jayant.tests.CheckOutTest" name="InvalidCheckOutFlow" time="6.171"/>
  <testcase classname="com.jayant.tests.CheckOutTest" name="validCheckOutFlow" time="8.258"/>
</testsuite> <!-- com.jayant.tests.CheckOutTest -->
