<?xml version="1.0" encoding="UTF-8"?>
<!-- Generated by org.testng.reporters.JUnitReportReporter -->
<testsuite hostname="DESKTOP-Q69DOOS" failures="0" tests="3" name="com.jayant.tests.LoginTest" time="18.310" errors="0" timestamp="2026-02-10T11:29:27 IST" skipped="0">
  <testcase classname="com.jayant.tests.LoginTest" name="loginTest" time="7.180"/>
  <testcase classname="com.jayant.tests.LoginTest" name="loginTest" time="5.504"/>
  <testcase classname="com.jayant.tests.LoginTest" name="loginTest" time="5.626"/>
</testsuite> <!-- com.jayant.tests.LoginTest -->
